# JRE version: Java(TM) SE Runtime Environment (17.0+35) (build 17+35-LTS-2724)
# Java VM: Java HotSpot(TM) 64-Bit Server VM (17+35-LTS-2724, mixed mode, sharing, tiered, compressed oops, compressed class ptrs, g1 gc, windows-amd64)
GC Precious Log:
 CPUs: 8 total, 8 available
 Memory: 16157M
 Large Page Support: Disabled
 NUMA Support: Disabled
 Compressed Oops: Enabled (Zero based)
 Heap Region Size: 2M
 Heap Min Capacity: 8M
 Heap Initial Capacity: 254M
 Heap Max Capacity: 4040M
 Pre-touch: Disabled
 Parallel Workers: 8
 Concurrent Workers: 2
 Concurrent Refinement Workers: 8
 Periodic GC: Disabled
Heap:
 garbage-first heap   total 669696K, used 6925K [0x0000000703800000, 0x0000000800000000)
  region size 2048K, 1 young (2048K), 1 survivors (2048K)
 Metaspace       used 12565K, committed 12800K, reserved 1064960K
  class space    used 1406K, committed 1536K, reserved 1048576K
GC Heap History (20 events):
Event: 24.143 GC heap after
{Heap after GC invocations=35 (full 0):
 garbage-first heap   total 669696K, used 7099K [0x0000000703800000, 0x0000000800000000)
  region size 2048K, 1 young (2048K), 1 survivors (2048K)
 Metaspace       used 12562K, committed 12800K, reserved 1064960K
  class space    used 1406K, committed 1536K, reserved 1048576K
}
Event: 24.215 GC heap before
{Heap before GC invocations=35 (full 0):
 garbage-first heap   total 669696K, used 404411K [0x0000000703800000, 0x0000000800000000)
  region size 2048K, 196 young (401408K), 1 survivors (2048K)
 Metaspace       used 12565K, committed 12800K, reserved 1064960K
  class space    used 1406K, committed 1536K, reserved 1048576K
}
Event: 24.216 GC heap after
{Heap after GC invocations=36 (full 0):
 garbage-first heap   total 669696K, used 6549K [0x0000000703800000, 0x0000000800000000)
  region size 2048K, 1 young (2048K), 1 survivors (2048K)
 Metaspace       used 12565K, committed 12800K, reserved 1064960K
  class space    used 1406K, committed 1536K, reserved 1048576K
}
Event: 24.254 GC heap before
{Heap before GC invocations=36 (full 0):
 garbage-first heap   total 669696K, used 403861K [0x0000000703800000, 0x0000000800000000)
  region size 2048K, 196 young (401408K), 1 survivors (2048K)
 Metaspace       used 12565K, committed 12800K, reserved 1064960K
  class space    used 1406K, committed 1536K, reserved 1048576K
}
Event: 24.254 GC heap after
{Heap after GC invocations=37 (full 0):
 garbage-first heap   total 669696K, used 6609K [0x0000000703800000, 0x0000000800000000)
  region size 2048K, 1 young (2048K), 1 survivors (2048K)
 Metaspace       used 12565K, committed 12800K, reserved 1064960K
  class space    used 1406K, committed 1536K, reserved 1048576K
}
Event: 24.284 GC heap before
{Heap before GC invocations=37 (full 0):
 garbage-first heap   total 669696K, used 403921K [0x0000000703800000, 0x0000000800000000)
  region size 2048K, 196 young (401408K), 1 survivors (2048K)
 Metaspace       used 12565K, committed 12800K, reserved 1064960K
  class space    used 1406K, committed 1536K, reserved 1048576K
}
Event: 24.285 GC heap after
{Heap after GC invocations=38 (full 0):
 garbage-first heap   total 669696K, used 6566K [0x0000000703800000, 0x0000000800000000)
  region size 2048K, 1 young (2048K), 1 survivors (2048K)
 Metaspace       used 12565K, committed 12800K, reserved 1064960K
  class space    used 1406K, committed 1536K, reserved 1048576K
}
Event: 24.314 GC heap before
{Heap before GC invocations=38 (full 0):
 garbage-first heap   total 669696K, used 403878K [0x0000000703800000, 0x0000000800000000)
  region size 2048K, 196 young (401408K), 1 survivors (2048K)
 Metaspace       used 12565K, committed 12800K, reserved 1064960K
  class space    used 1406K, committed 1536K, reserved 1048576K
}
Event: 24.315 GC heap after
{Heap after GC invocations=39 (full 0):
 garbage-first heap   total 669696K, used 6771K [0x0000000703800000, 0x0000000800000000)
  region size 2048K, 1 young (2048K), 1 survivors (2048K)
 Metaspace       used 12565K, committed 12800K, reserved 1064960K
  class space    used 1406K, committed 1536K, reserved 1048576K
}
Event: 24.344 GC heap before
{Heap before GC invocations=39 (full 0):
 garbage-first heap   total 669696K, used 404083K [0x0000000703800000, 0x0000000800000000)
  region size 2048K, 196 young (401408K), 1 survivors (2048K)
 Metaspace       used 12565K, committed 12800K, reserved 1064960K
  class space    used 1406K, committed 1536K, reserved 1048576K
}
Event: 24.345 GC heap after
{Heap after GC invocations=40 (full 0):
 garbage-first heap   total 669696K, used 6875K [0x0000000703800000, 0x0000000800000000)
  region size 2048K, 1 young (2048K), 1 survivors (2048K)
 Metaspace       used 12565K, committed 12800K, reserved 1064960K
  class space    used 1406K, committed 1536K, reserved 1048576K
}
Event: 24.386 GC heap before
{Heap before GC invocations=40 (full 0):
 garbage-first heap   total 669696K, used 404187K [0x0000000703800000, 0x0000000800000000)
  region size 2048K, 196 young (401408K), 1 survivors (2048K)
 Metaspace       used 12565K, committed 12800K, reserved 1064960K
  class space    used 1406K, committed 1536K, reserved 1048576K
}
Event: 24.387 GC heap after
{Heap after GC invocations=41 (full 0):
 garbage-first heap   total 669696K, used 7343K [0x0000000703800000, 0x0000000800000000)
  region size 2048K, 1 young (2048K), 1 survivors (2048K)
 Metaspace       used 12565K, committed 12800K, reserved 1064960K
  class space    used 1406K, committed 1536K, reserved 1048576K
}
Event: 24.429 GC heap before
{Heap before GC invocations=41 (full 0):
 garbage-first heap   total 669696K, used 404655K [0x0000000703800000, 0x0000000800000000)
  region size 2048K, 196 young (401408K), 1 survivors (2048K)
 Metaspace       used 12565K, committed 12800K, reserved 1064960K
  class space    used 1406K, committed 1536K, reserved 1048576K
}
Event: 24.430 GC heap after
{Heap after GC invocations=42 (full 0):
 garbage-first heap   total 669696K, used 6735K [0x0000000703800000, 0x0000000800000000)
  region size 2048K, 1 young (2048K), 1 survivors (2048K)
 Metaspace       used 12565K, committed 12800K, reserved 1064960K
  class space    used 1406K, committed 1536K, reserved 1048576K
}
Event: 24.460 GC heap before
{Heap before GC invocations=42 (full 0):
 garbage-first heap   total 669696K, used 404047K [0x0000000703800000, 0x0000000800000000)
  region size 2048K, 196 young (401408K), 1 survivors (2048K)
 Metaspace       used 12565K, committed 12800K, reserved 1064960K
  class space    used 1406K, committed 1536K, reserved 1048576K
}
Event: 24.461 GC heap after
{Heap after GC invocations=43 (full 0):
 garbage-first heap   total 669696K, used 6648K [0x0000000703800000, 0x0000000800000000)
  region size 2048K, 1 young (2048K), 1 survivors (2048K)
 Metaspace       used 12565K, committed 12800K, reserved 1064960K
  class space    used 1406K, committed 1536K, reserved 1048576K
}
Event: 24.489 GC heap before
{Heap before GC invocations=43 (full 0):
 garbage-first heap   total 669696K, used 403960K [0x0000000703800000, 0x0000000800000000)
  region size 2048K, 196 young (401408K), 1 survivors (2048K)
 Metaspace       used 12565K, committed 12800K, reserved 1064960K
  class space    used 1406K, committed 1536K, reserved 1048576K
}
Event: 24.490 GC heap after
{Heap after GC invocations=44 (full 0):
 garbage-first heap   total 669696K, used 6754K [0x0000000703800000, 0x0000000800000000)
  region size 2048K, 1 young (2048K), 1 survivors (2048K)
 Metaspace       used 12565K, committed 12800K, reserved 1064960K
  class space    used 1406K, committed 1536K, reserved 1048576K
}
Event: 24.519 GC heap before
{Heap before GC invocations=44 (full 0):
 garbage-first heap   total 669696K, used 404066K [0x0000000703800000, 0x0000000800000000)
  region size 2048K, 196 young (401408K), 1 survivors (2048K)
 Metaspace       used 12565K, committed 12800K, reserved 1064960K
  class space    used 1406K, committed 1536K, reserved 1048576K
}

